Desktop/son/AndroidProjesi-master/app/build/outputs/mapping/release/seeds.txt
devs.mulham.horizontalcalendar.R$styleable: int AppCompatTheme_ratingBarStyle
androidx.appcompat.R$dimen: int abc_search_view_preferred_width
androidx.core.widget.NestedScrollView: int getScrollRange()
androidx.appcompat.R$style: int ThemeOverlay_AppCompat_Dark
com.google.android.material.R$style: int ThemeOverlay_MaterialComponents_MaterialAlertDialog_Picker_Date_Header_Text
androidx.appcompat.widget.MenuPopupWindow$MenuDropDownListView: void setSelector(android.graphics.drawable.Drawable)
com.google.android.material.R$style: int ThemeOverlay_MaterialComponents_MaterialAlertDialog_Picker_Date_Calendar
com.google.android.material.R$string: int mtrl_picker_invalid_format_example
com.google.android.material.R$styleable: int ActionBar_contentInsetLeft
androidx.appcompat.R$style: int TextAppearance_AppCompat_Light_SearchResult_Title
androidx.constraintlayout.widget.R$styleable: int ConstraintSet_layout_constraintVertical_bias
androidx.appcompat.R$styleable: int AppCompatTheme_listMenuViewStyle
androidx.coordinatorlayout.R$attr: int fontProviderAuthority
androidx.constraintlayout.widget.R$styleable: int ActionMode_subtitleTextStyle
com.google.android.gms.internal.ads.zzua$zzp: int zzcek
com.google.android.gms.internal.ads.zzby$zzc: java.lang.String zzfh
com.google.android.material.R$id: int accessibility_custom_action_0
androidx.viewpager.widget.ViewPager: void setOffscreenPageLimit(int)
com.google.android.gms.internal.measurement.zzci$zzb: double zzh
androidx.appcompat.R$styleable: int MenuGroup_android_checkableBehavior
com.google.android.material.R$styleable: int StateListDrawable_android_exitFadeDuration
androidx.recyclerview.R$dimen: int notification_subtext_size
com.onesignal.JobIntentService$CompatJobEngine: com.onesignal.JobIntentService$GenericWorkItem dequeueWork()
com.google.android.material.R$color: int abc_search_url_text_pressed
androidx.constraintlayout.widget.R$styleable: int MenuItem_tooltipText
com.google.android.material.R$attr: int buttonCompat
com.google.android.material.R$styleable: int[] RecyclerView
androidx.constraintlayout.widget.R$styleable: int KeyTimeCycle_android_rotationY
androidx.appcompat.widget.ContentFrameLayout: void setAttachListener(androidx.appcompat.widget.ContentFrameLayout$OnAttachListener)
com.google.android.gms.ads.mediation.Adapter: com.google.android.gms.ads.mediation.VersionInfo getVersionInfo()
androidx.appcompat.R$styleable: int LinearLayoutCompat_android_baselineAligned
androidx.constraintlayout.widget.Barrier: int getType()
devs.mulham.horizontalcalendar.R$styleable: int AppCompatTheme_toolbarNavigationButtonStyle
com.google.android.gms.internal.ads.zzega
com.google.android.material.R$attr: int itemShapeInsetBottom
com.google.ads.mediation.customevent.CustomEventAdapter: void destroy()
com.google.android.gms.internal.ads.zzua$zza: com.google.android.gms.internal.ads.zzua$zzn zzbyl
devs.mulham.horizontalcalendar.R$styleable: int MenuItem_android_checkable
com.google.android.material.R$animator: int mtrl_fab_hide_motion_spec
androidx.appcompat.R$styleable: int AppCompatTheme_dialogPreferredPadding
com.google.android.material.R$style: int Widget_Design_TextInputEditText
com.google.android.gms.internal.ads.zzua$zzt
androidx.constraintlayout.widget.R$id: int search_button
com.google.android.material.R$attr: int prefixText
com.google.android.material.R$style: int Widget_Design_AppBarLayout
androidx.appcompat.R$style: int RtlOverlay_Widget_AppCompat_PopupMenuItem_Text
com.google.android.material.R$style: int Widget_AppCompat_Light_ActionButton_Overflow
com.google.android.material.R$style: int Theme_Design
com.google.android.material.R$integer: int mtrl_btn_anim_delay_ms
androidx.appcompat.R$styleable: int[] ListPopupWindow
androidx.recyclerview.widget.RecyclerView: void setPreserveFocusAfterLayout(boolean)
devs.mulham.horizontalcalendar.R$styleable: int AppCompatTheme_spinnerStyle