Desktop/son/AndroidProjesi-master/app/build/outputs/mapping/release/usage.txt
com.ykskoc.R$xml
com.ykskoc.R$attr
com.ykskoc.R$color
com.ykskoc.R$styleable
com.ykskoc.R$string
com.ykskoc.R$animator
com.ykskoc.R$drawable
com.ykskoc.R$interpolator
com.ykskoc.R$dimen
com.ykskoc.R$layout
com.ykskoc.R$raw
com.ykskoc.R$anim
com.ykskoc.R$id
com.ykskoc.R$integer
com.ykskoc.R$font
com.ykskoc.R$mipmap
com.ykskoc.R$style
com.ykskoc.R
com.ykskoc.R$bool
com.ykskoc.BuildConfig
com.ykskoc.R$plurals
...
androidx.lifecycle.MutableLiveData:
    public void <init>(java.lang.Object)
    public void postValue(java.lang.Object)
androidx.exifinterface.media.ExifInterface$Rational:
    void <init>(double)
androidx.appcompat.widget.ScrollingTabContainerView$VisibilityAnimListener
com.google.android.gms.internal.measurement.zzat
com.google.firebase.auth.api.internal.zzde
com.jjoe64.graphview.series.LineGraphSeries:
    public void <init>(com.jjoe64.graphview.series.DataPointInterface[])
    public int getThickness()
    public boolean isDrawBackground()
    public boolean isDrawDataPoints()
    public float getDataPointsRadius()
    public int getBackgroundColor()
    public void setCustomPaint(android.graphics.Paint)
    public void setAnimated(boolean)
    public boolean isDrawAsPath()
    public void setDrawAsPath(boolean)
    private static final long ANIMATION_DURATION
com.google.android.gms.ads.mediation.MediationBannerAdConfiguration:
    public com.google.android.gms.ads.AdSize getAdSize()
com.google.gson.internal.$Gson$Types$GenericArrayTypeImpl:
    private static final long serialVersionUID
androidx.core.view.GestureDetectorCompat$GestureDetectorCompatImpl
androidx.constraintlayout.motion.widget.DesignTool
com.google.android.gms.internal.measurement.zzbf
androidx.annotation.LongDef
com.google.firebase.auth.api.internal.zzdv
com.bumptech.glide.load.engine.cache.DiskLruCacheWrapper:
    public static synchronized com.bumptech.glide.load.engine.cache.DiskCache get(java.io.File,long)
    private synchronized void resetDiskCache()
    public void delete(com.bumptech.glide.load.Key)
    public synchronized void clear()
    private static final java.lang.String TAG
    private static final int APP_VERSION
    private static final int VALUE_COUNT
    private static com.bumptech.glide.load.engine.cache.DiskLruCacheWrapper wrapper
com.google.android.gms.internal.firebase_auth.zzcl
androidx.exifinterface.R
com.google.android.material.transition.FadeProvider
com.google.android.gms.internal.location.zzaa
com.google.firebase.database.tubesock.package-info
com.google.android.material.circularreveal.CircularRevealHelper:
    public void <init>(com.google.android.material.circularreveal.CircularRevealHelper$Delegate)
    private void invalidateRevealInfo()
    private float getDistanceToFurthestCorner(com.google.android.material.circularreveal.CircularRevealWidget$RevealInfo)
    private void drawOverlayDrawable(android.graphics.Canvas)
    private boolean shouldDrawCircularReveal()
    private boolean shouldDrawScrim()
    private boolean shouldDrawOverlayDrawable()
    private void drawDebugMode(android.graphics.Canvas)
    private void drawDebugCircle(android.graphics.Canvas,int,float)
    private final com.google.android.material.circularreveal.CircularRevealHelper$Delegate delegate
    private final android.view.View view
    private final android.graphics.Path revealPath
    private final android.graphics.Paint revealPaint
    private final android.graphics.Paint scrimPaint
    private com.google.android.material.circularreveal.CircularRevealWidget$RevealInfo revealInfo
    private android.graphics.drawable.Drawable overlayDrawable
    private android.graphics.Paint debugPaint
    private boolean buildingCircularRevealCache
    private boolean hasCircularRevealCache
    private static final boolean DEBUG
    public static final int BITMAP_SHADER
    public static final int CLIP_PATH
    public static final int REVEAL_ANIMATOR
com.onesignal.OSInAppMessage:
    org.json.JSONObject toJSONObject()